#
# A fatal error has been detected by the Java Runtime Environment:
#
#  EXCEPTION_ACCESS_VIOLATION (0xc0000005) at pc=0x00007ffd5424fa2a, pid=4204, tid=828
#
# JRE version: OpenJDK Runtime Environment Temurin-17.0.4.1+1 (17.0.4.1+1) (build 17.0.4.1+1)
# Java VM: OpenJDK 64-Bit Server VM Temurin-17.0.4.1+1 (17.0.4.1+1, mixed mode, tiered, compressed oops, compressed class ptrs, g1 gc, windows-amd64)
# Problematic frame:
# V  [jvm.dll+0x79fa2a]
#
# No core dump will be written. Minidumps are not enabled by default on client versions of Windows
#
# If you would like to submit a bug report, please visit:
#   https://github.com/adoptium/adoptium-support/issues
#

---------------  S U M M A R Y ------------

Command Line: -XX:+ShowCodeDetailsInExceptionMessages -agentlib:jdwp=transport=dt_socket,suspend=y,address=localhost:53933 -javaagent:C:\eclipse\configuration\org.eclipse.osgi\228\0\.cp\lib\javaagent-shaded.jar -Dfile.encoding=UTF-8 com.devpro.NgoManhHungFECuoiKhoa.StartServer

Host: AMD Ryzen 5 4600H with Radeon Graphics         , 12 cores, 15G,  Windows 10 , 64 bit Build 19041 (10.0.19041.2364)
Time: Thu Jan  5 16:53:32 2023 SE Asia Standard Time elapsed time: 718.687045 seconds (0d 0h 11m 58s)

---------------  T H R E A D  ---------------

Current thread (0x0000015231f98420):  JavaThread "JDWP Transport Listener: dt_socket" daemon [_thread_in_vm, id=828, stack(0x0000000342600000,0x0000000342700000)]

Stack: [0x0000000342600000,0x0000000342700000],  sp=0x00000003426ff290,  free space=1020k
Native frames: (J=compiled Java code, j=interpreted, Vv=VM code, C=native code)
V  [jvm.dll+0x79fa2a]
V  [jvm.dll+0x50965c]
V  [jvm.dll+0x4d0cc4]
C  [jdwp.dll+0x22f7b]


siginfo: EXCEPTION_ACCESS_VIOLATION (0xc0000005), reading address 0x00000000003c0118


Register to memory mapping:

RIP=0x00007ffd5424fa2a jvm.dll
RAX=0x0000000000000117 is an unknown value
RBX=0x0000015231cacc3b points into unknown readable memory: 72 2f 63 75 73
RCX=0x00000000003c0114 is an unknown value
RDX=0x000001523b038900 points into unknown readable memory: 0x7665642f6d6f634c | 4c 63 6f 6d 2f 64 65 76
RSP=0x00000003426ff290 is pointing into the stack for thread: 0x0000015231f98420
RBP=0x0000015231ef6050 points into unknown readable memory: 0x0074006600000002 | 02 00 00 00 66 00 74 00
RSI=0x0 is NULL
RDI=0xffffffffffffffff is an unknown value
R8 =0x000000000000014e is an unknown value
R9 =0x0000000000000040 is an unknown value
R10=0x0000000000000140 is an unknown value
R11=0x00000003426ff2b0 is pointing into the stack for thread: 0x0000015231f98420
R12=0x00000003426ff3e8 is pointing into the stack for thread: 0x0000015231f98420
R13=0x0 is NULL
R14=0x00000008008b6da0 is a pointer to class: 
com.devpro.NgoManhHungFECuoiKhoa.services.ProductService {0x00000008008b6da8}
 - instance size:     3
 - klass size:        80
 - access:            public synchronized 
 - state:             fully_initialized
 - name:              'com/devpro/NgoManhHungFECuoiKhoa/services/ProductService'
 - super:             'com/devpro/NgoManhHungFECuoiKhoa/services/BaseService'
 - sub:               'com/devpro/NgoManhHungFECuoiKhoa/services/ProductService$$EnhancerBySpringCGLIB$$5f9c6ad7'   
 - arrays:            NULL
 - methods:           Array<T>(0x000001523ef0f908)
 - method ordering:   Array<T>(0x000001523e44c6a8)
 - default_methods:   Array<T>(0x0000000000000000)
 - local interfaces:  Array<T>(0x0000015231400058)
 - trans. interfaces: Array<T>(0x0000015231400058)
 - constants:         constant pool [289] {0x00000152420b91e0} for 'com/devpro/NgoManhHungFECuoiKhoa/services/ProductService' cache=0x000001523ef0de30
 - class loader data:  loader data: 0x000001523b0cea10 for instance a 'org/springframework/boot/devtools/restart/classloader/RestartClassLoader'{0x000000070aa34ae8}
 - source file:       'ProductService.java'
 - source debug extension:       SMAP
ProductService.java
Java
*S jdt
*F
1 ProductService.java
2 file:/D:/javaweb20Version02/target/classes/
*L
*E

 - class annotations:       Array<T>(0x000001523e44c440)
 - class type annotations:  Array<T>(0x0000000000000000)
 - field annotations:       Array<T>(0x000001523dcccb80)
 - field type annotations:  Array<T>(0x0000000000000000)
 - generic signature: '
[error occurred during error reporting (printing register info), id 0xc0000005, EXCEPTION_ACCESS_VIOLATION (0xc0000005) at pc=0x00007ffd54250636]

Registers:
RAX=0x0000000000000117, RBX=0x0000015231cacc3b, RCX=0x00000000003c0114, RDX=0x000001523b038900
RSP=0x00000003426ff290, RBP=0x0000015231ef6050, RSI=0x0000000000000000, RDI=0xffffffffffffffff
R8 =0x000000000000014e, R9 =0x0000000000000040, R10=0x0000000000000140, R11=0x00000003426ff2b0
R12=0x00000003426ff3e8, R13=0x0000000000000000, R14=0x00000008008b6da0, R15=0x00000003426ff438
RIP=0x00007ffd5424fa2a, EFLAGS=0x0000000000010206

Top of Stack: (sp=0x00000003426ff290)
0x00000003426ff290:   0000000000000038 00000008008b6da0
0x00000003426ff2a0:   0000015231f98420 0000000000000000
0x00000003426ff2b0:   ffffffffffffffff 00007ffd53fb965c
0x00000003426ff2c0:   0000015231cacc3b 0000015231cacc00
0x00000003426ff2d0:   0000015231ef6050 000001523b9d94c0
0x00000003426ff2e0:   0000015231cacbb0 00000000000003d8
0x00000003426ff2f0:   0000015231cacbc0 0000015231cacf98
0x00000003426ff300:   0000000000000002 00000003426ff3e8
0x00000003426ff310:   0000000000000000 0000000000000000
0x00000003426ff320:   000000070aa34348 00007ffd53f80cc4
0x00000003426ff330:   0000015231f98420 00000003426ff438
0x00000003426ff340:   0000015212828670 00000003426ff438
0x00000003426ff350:   0000015231f98420 0000000000000000
0x00000003426ff360:   0000015200000000 0000000000000000
0x00000003426ff370:   000000000000000d 00007ffd8ff42f7b
0x00000003426ff380:   00000003426ff430 00007ffd8ff51600 

Instructions: (pc=0x00007ffd5424fa2a)
0x00007ffd5424f92a:   48 83 c4 20 5f e9 bc 69 90 ff cc cc cc cc cc cc
0x00007ffd5424f93a:   cc cc cc cc cc cc 48 89 5c 24 08 57 48 83 ec 20
0x00007ffd5424f94a:   83 fa 02 8d 42 06 b9 08 00 00 00 49 8b d8 0f 4e
0x00007ffd5424f95a:   c1 48 63 c8 48 83 c1 07 83 e1 f8 48 63 f9 49 8b
0x00007ffd5424f96a:   48 18 48 8b c7 48 f7 d0 48 3b c1 73 16 4c 8d 05
0x00007ffd5424f97a:   ba 58 17 00 48 8b d7 48 8b cb e8 c7 cc 90 ff 48
0x00007ffd5424f98a:   8b 4b 18 48 8d 04 39 48 3b 43 20 76 18 45 33 c0
0x00007ffd5424f99a:   48 8b d7 48 8b cb 48 8b 5c 24 30 48 83 c4 20 5f
0x00007ffd5424f9aa:   e9 21 c9 90 ff 48 89 43 18 48 8b c1 48 8b 5c 24
0x00007ffd5424f9ba:   30 48 83 c4 20 5f c3 cc cc cc cc cc cc cc cc cc
0x00007ffd5424f9ca:   cc cc cc cc cc cc 4c 8b d2 4c 8b d9 45 85 c0 7e
0x00007ffd5424f9da:   3c 44 0f b7 49 04 41 8d 40 ff 41 3b c1 44 0f 4c
0x00007ffd5424f9ea:   c8 4d 63 c1 45 85 c9 7e 1f 48 8b c2 4c 2b da 49
0x00007ffd5424f9fa:   8b d0 0f 1f 40 00 41 0f b6 4c 03 06 88 08 48 8d
0x00007ffd5424fa0a:   40 01 48 83 ea 01 75 ee 43 c6 04 10 00 49 8b c2
0x00007ffd5424fa1a:   c3 cc cc cc cc cc 48 89 5c 24 08 57 48 83 ec 20
0x00007ffd5424fa2a:   0f b7 59 04 48 8b f9 33 d2 48 8d 4b 01 e8 f4 d9
0x00007ffd5424fa3a:   f2 ff 0f b7 57 04 4c 8b c0 3b da 0f 42 d3 44 8b
0x00007ffd5424fa4a:   ca 85 d2 74 39 48 2b f8 0f 1f 40 00 66 66 0f 1f
0x00007ffd5424fa5a:   84 00 00 00 00 00 0f b6 4c 07 06 88 08 48 ff c0
0x00007ffd5424fa6a:   48 8b c8 49 2b c8 49 3b c9 7c eb 42 c6 04 02 00
0x00007ffd5424fa7a:   49 8b c0 48 8b 5c 24 30 48 83 c4 20 5f c3 48 8b
0x00007ffd5424fa8a:   5c 24 30 c6 04 02 00 48 83 c4 20 5f c3 cc cc cc
0x00007ffd5424fa9a:   cc cc cc cc cc cc 4c 8b d1 45 85 c0 7e 6c 44 0f
0x00007ffd5424faaa:   b7 49 04 41 8d 40 ff 41 3b c1 44 0f 4c c8 4d 63
0x00007ffd5424faba:   d9 45 85 c9 7e 22 48 8b ca 4c 2b d2 4d 8b c3 0f
0x00007ffd5424faca:   1f 80 00 00 00 00 41 0f b6 44 0a 06 88 01 48 8d
0x00007ffd5424fada:   49 01 49 83 e8 01 75 ee 41 c6 04 13 00 48 c7 c0
0x00007ffd5424faea:   ff ff ff ff 66 90 48 ff c0 80 3c 02 00 75 f7 48
0x00007ffd5424fafa:   63 c8 85 c0 48 8b c2 7e 14 80 38 2f 75 03 c6 00
0x00007ffd5424fb0a:   2e 48 ff c0 48 83 e9 01 75 ef 48 8b c2 c3 cc cc
0x00007ffd5424fb1a:   cc cc cc cc cc cc 48 83 ec 28 e8 f7 fe ff ff 4c 


Stack slot to memory mapping:
stack at sp + 0 slots: 0x0000000000000038 is an unknown value
stack at sp + 1 slots: 0x00000008008b6da0 is a pointer to class: 
com.devpro.NgoManhHungFECuoiKhoa.services.ProductService {0x00000008008b6da8}
 - instance size:     3
 - klass size:        80
 - access:            public synchronized 
 - state:             fully_initialized
 - name:              'com/devpro/NgoManhHungFECuoiKhoa/services/ProductService'
 - super:             'com/devpro/NgoManhHungFECuoiKhoa/services/BaseService'
 - sub:               'com/devpro/NgoManhHungFECuoiKhoa/services/ProductService$$EnhancerBySpringCGLIB$$5f9c6ad7'   
 - arrays:            NULL
 - methods:           Array<T>(0x000001523ef0f908)
 - method ordering:   Array<T>(0x000001523e44c6a8)
 - default_methods:   Array<T>(0x0000000000000000)
 - local interfaces:  Array<T>(0x0000015231400058)
 - trans. interfaces: Array<T>(0x0000015231400058)
 - constants:         constant pool [289] {0x00000152420b91e0} for 'com/devpro/NgoManhHungFECuoiKhoa/services/ProductService' cache=0x000001523ef0de30
 - class loader data:  loader data: 0x000001523b0cea10 for instance a 'org/springframework/boot/devtools/restart/classloader/RestartClassLoader'{0x000000070aa34ae8}
 - source file:       'ProductService.java'
 - source debug extension:       SMAP
ProductService.java
Java
*S jdt
*F
1 ProductService.java
2 file:/D:/javaweb20Version02/target/classes/
*L
*E

 - class annotations:       Array<T>(0x000001523e44c440)
 - class type annotations:  Array<T>(0x0000000000000000)
 - field annotations:       Array<T>(0x000001523dcccb80)
 - field type annotations:  Array<T>(0x0000000000000000)
 - generic signature: '
[error occurred during error reporting (inspecting top of stack), id 0xc0000005, EXCEPTION_ACCESS_VIOLATION (0xc0000005) at pc=0x00007ffd54250636]


---------------  P R O C E S S  ---------------

Threads class SMR info:
_java_thread_list=0x0000015233b65e20, length=37, elements={
0x0000015231c66430, 0x0000015231c670a0, 0x0000015231c51a70, 0x0000015231c8c420,
0x0000015231c8cdd0, 0x0000015231c96bb0, 0x0000015231c9fcc0, 0x0000015231ca09d0,
0x0000015231cabab0, 0x0000015231d75ff0, 0x0000015231f98420, 0x0000015231f901b0,
0x0000015231f906a0, 0x00000152324cb190, 0x0000015233e71050, 0x000001523ba03580,
0x000001523ba030b0, 0x000001523ba05c00, 0x00000152393bd490, 0x00000152393bde30,
0x00000152393be7d0, 0x00000152393b6f80, 0x00000152393b9ad0, 0x00000152393b9fa0,
0x00000152393ba940, 0x00000152393bb2e0, 0x000001523ba043f0, 0x000001523ba02710,
0x000001523ba01d70, 0x000001523ba048c0, 0x000001523ba02be0, 0x000001523ba05260,
0x000001523ba06a70, 0x000001523ba06f40, 0x000001523ba078e0, 0x000001523ba00090,
0x000001523ba00560
}

Java Threads: ( => current thread )
  0x0000015231c66430 JavaThread "Reference Handler" daemon [_thread_blocked, id=3968, stack(0x0000000341c00000,0x0000000341d00000)]
  0x0000015231c670a0 JavaThread "Finalizer" daemon [_thread_blocked, id=18736, stack(0x0000000341d00000,0x0000000341e00000)]
  0x0000015231c51a70 JavaThread "Signal Dispatcher" daemon [_thread_blocked, id=10784, stack(0x0000000341e00000,0x0000000341f00000)]
  0x0000015231c8c420 JavaThread "Attach Listener" daemon [_thread_blocked, id=9536, stack(0x0000000341f00000,0x0000000342000000)]
  0x0000015231c8cdd0 JavaThread "Service Thread" daemon [_thread_blocked, id=12972, stack(0x0000000342000000,0x0000000342100000)]
  0x0000015231c96bb0 JavaThread "Monitor Deflation Thread" daemon [_thread_blocked, id=7448, stack(0x0000000342100000,0x0000000342200000)]
  0x0000015231c9fcc0 JavaThread "C2 CompilerThread0" daemon [_thread_blocked, id=13300, stack(0x0000000342200000,0x0000000342300000)]
  0x0000015231ca09d0 JavaThread "C1 CompilerThread0" daemon [_thread_blocked, id=18512, stack(0x0000000342300000,0x0000000342400000)]
  0x0000015231cabab0 JavaThread "Sweeper thread" daemon [_thread_blocked, id=11380, stack(0x0000000342400000,0x0000000342500000)]
  0x0000015231d75ff0 JavaThread "Common-Cleaner" daemon [_thread_blocked, id=17320, stack(0x0000000342500000,0x0000000342600000)]
=>0x0000015231f98420 JavaThread "JDWP Transport Listener: dt_socket" daemon [_thread_in_vm, id=828, stack(0x0000000342600000,0x0000000342700000)]
  0x0000015231f901b0 JavaThread "JDWP Event Helper Thread" daemon [_thread_blocked, id=1708, stack(0x0000000342700000,0x0000000342800000)]
  0x0000015231f906a0 JavaThread "JDWP Command Reader" daemon [_thread_in_native, id=20632, stack(0x0000000342800000,0x0000000342900000)]
  0x00000152324cb190 JavaThread "Notification Thread" daemon [_thread_blocked, id=5712, stack(0x0000000342a00000,0x0000000342b00000)]
  0x0000015233e71050 JavaThread "mysql-cj-abandoned-connection-cleanup" daemon [_thread_blocked, id=8352, stack(0x0000000343d00000,0x0000000343e00000)]
  0x000001523ba03580 JavaThread "Live Reload Server" daemon [_thread_in_native, id=21176, stack(0x0000000344200000,0x0000000344300000)]
  0x000001523ba030b0 JavaThread "DestroyJavaVM" [_thread_blocked, id=20104, stack(0x0000000341500000,0x0000000341600000)]
  0x000001523ba05c00 JavaThread "http-nio-8080-exec-6" daemon [_thread_blocked, id=19628, stack(0x0000000344600000,0x0000000344700000)]
  0x00000152393bd490 JavaThread "Catalina-utility-1" [_thread_blocked, id=1916, stack(0x0000000343600000,0x0000000343700000)]
  0x00000152393bde30 JavaThread "Catalina-utility-2" [_thread_blocked, id=7648, stack(0x0000000343700000,0x0000000343800000)]
  0x00000152393be7d0 JavaThread "container-0" [_thread_blocked, id=11868, stack(0x0000000343b00000,0x0000000343c00000)]
  0x00000152393b6f80 JavaThread "HikariPool-5 housekeeper" daemon [_thread_blocked, id=15676, stack(0x0000000343c00000,0x0000000343d00000)]
  0x00000152393b9ad0 JavaThread "File Watcher" daemon [_thread_blocked, id=10448, stack(0x0000000343f00000,0x0000000344000000)]
  0x00000152393b9fa0 JavaThread "NioBlockingSelector.BlockPoller-5" daemon [_thread_in_native, id=6588, stack(0x0000000344000000,0x0000000344100000)]
  0x00000152393ba940 JavaThread "http-nio-8080-exec-1" daemon [_thread_blocked, id=12720, stack(0x0000000344100000,0x0000000344200000)]
  0x00000152393bb2e0 JavaThread "http-nio-8080-exec-2" daemon [_thread_blocked, id=8428, stack(0x0000000344300000,0x0000000344400000)]
  0x000001523ba043f0 JavaThread "http-nio-8080-exec-3" daemon [_thread_blocked, id=15712, stack(0x0000000344400000,0x0000000344500000)]
  0x000001523ba02710 JavaThread "http-nio-8080-exec-4" daemon [_thread_blocked, id=6064, stack(0x0000000344500000,0x0000000344600000)]
  0x000001523ba01d70 JavaThread "http-nio-8080-exec-5" daemon [_thread_blocked, id=3388, stack(0x0000000344700000,0x0000000344800000)]
  0x000001523ba048c0 JavaThread "http-nio-8080-exec-6" daemon [_thread_blocked, id=6068, stack(0x0000000344800000,0x0000000344900000)]
  0x000001523ba02be0 JavaThread "http-nio-8080-exec-7" daemon [_thread_blocked, id=20644, stack(0x0000000344900000,0x0000000344a00000)]
  0x000001523ba05260 JavaThread "http-nio-8080-exec-8" daemon [_thread_blocked, id=15912, stack(0x0000000344a00000,0x0000000344b00000)]
  0x000001523ba06a70 JavaThread "http-nio-8080-exec-9" daemon [_thread_blocked, id=4664, stack(0x0000000344b00000,0x0000000344c00000)]
  0x000001523ba06f40 JavaThread "http-nio-8080-exec-10" daemon [_thread_blocked, id=20668, stack(0x0000000344c00000,0x0000000344d00000)]
  0x000001523ba078e0 JavaThread "http-nio-8080-ClientPoller-0" daemon [_thread_in_native, id=14412, stack(0x0000000344d00000,0x0000000344e00000)]
  0x000001523ba00090 JavaThread "http-nio-8080-ClientPoller-1" daemon [_thread_in_native, id=6968, stack(0x0000000344e00000,0x0000000344f00000)]
  0x000001523ba00560 JavaThread "http-nio-8080-Acceptor-0" daemon [_thread_in_native, id=8820, stack(0x0000000344f00000,0x0000000345000000)]

Other Threads:
  0x0000015231c43140 VMThread "VM Thread" [stack: 0x0000000341b00000,0x0000000341c00000] [id=7540]
  0x00000152128c4990 WatcherThread [stack: 0x0000000342b00000,0x0000000342c00000] [id=8160]
  0x00000152128a5bd0 GCTaskThread "GC Thread#0" [stack: 0x0000000341600000,0x0000000341700000] [id=20460]
  0x0000015233bd0d00 GCTaskThread "GC Thread#1" [stack: 0x0000000342c00000,0x0000000342d00000] [id=2036]
  0x0000015233a5bc40 GCTaskThread "GC Thread#2" [stack: 0x0000000342d00000,0x0000000342e00000] [id=11324]
  0x0000015233ab53e0 GCTaskThread "GC Thread#3" [stack: 0x0000000342e00000,0x0000000342f00000] [id=4564]
  0x0000015232c01190 GCTaskThread "GC Thread#4" [stack: 0x0000000342f00000,0x0000000343000000] [id=17548]
  0x0000015232bb0a20 GCTaskThread "GC Thread#5" [stack: 0x0000000343000000,0x0000000343100000] [id=21036]
  0x000001523398f0e0 GCTaskThread "GC Thread#6" [stack: 0x0000000343100000,0x0000000343200000] [id=6852]
  0x0000015232a97790 GCTaskThread "GC Thread#7" [stack: 0x0000000343200000,0x0000000343300000] [id=21436]
  0x0000015233820400 GCTaskThread "GC Thread#8" [stack: 0x0000000343300000,0x0000000343400000] [id=5032]
  0x0000015234870ad0 GCTaskThread "GC Thread#9" [stack: 0x0000000343800000,0x0000000343900000] [id=17808]
  0x00000152128b58a0 ConcurrentGCThread "G1 Main Marker" [stack: 0x0000000341700000,0x0000000341800000] [id=19104]
  0x00000152106dda00 ConcurrentGCThread "G1 Conc#0" [stack: 0x0000000341800000,0x0000000341900000] [id=5072]
  0x0000015234870820 ConcurrentGCThread "G1 Conc#1" [stack: 0x0000000343900000,0x0000000343a00000] [id=15688]
  0x0000015234871840 ConcurrentGCThread "G1 Conc#2" [stack: 0x0000000343a00000,0x0000000343b00000] [id=11412]
  0x00000152128fe8f0 ConcurrentGCThread "G1 Refine#0" [stack: 0x0000000341900000,0x0000000341a00000] [id=4100]
  0x0000015231226350 ConcurrentGCThread "G1 Service" [stack: 0x0000000341a00000,0x0000000341b00000] [id=5648]

Threads with active compile tasks:

VM state: not at safepoint (normal execution)

VM Mutex/Monitor currently owned by a thread: None

Heap address: 0x0000000709400000, size: 3948 MB, Compressed Oops mode: Zero based, Oop shift amount: 3

CDS archive(s) not mapped
Compressed class space mapped at: 0x0000000800000000-0x0000000840000000, reserved size: 1073741824
Narrow klass base: 0x0000000800000000, Narrow klass shift: 0, Narrow klass range: 0x40000000

GC Precious Log:
 CPUs: 12 total, 12 available
 Memory: 15791M
 Large Page Support: Disabled
 NUMA Support: Disabled
 Compressed Oops: Enabled (Zero based)
 Heap Region Size: 2M
 Heap Min Capacity: 8M
 Heap Initial Capacity: 248M
 Heap Max Capacity: 3948M
 Pre-touch: Disabled
 Parallel Workers: 10
 Concurrent Workers: 3
 Concurrent Refinement Workers: 10
 Periodic GC: Disabled

Heap:
 garbage-first heap   total 96256K, used 52953K [0x0000000709400000, 0x0000000800000000)
  region size 2048K, 11 young (22528K), 3 survivors (6144K)
 Metaspace       used 84527K, committed 85056K, reserved 1130496K
  class space    used 9675K, committed 9920K, reserved 1048576K

Heap Regions: E=young(eden), S=young(survivor), O=old, HS=humongous(starts), HC=humongous(continues), CS=collection set, F=free, OA=open archive, CA=closed archive, TAMS=top-at-mark-start (previous, next)
|   0|0x0000000709400000, 0x0000000709600000, 0x0000000709600000|100%| O|  |TAMS 0x0000000709600000, 0x0000000709400000| Untracked 
|   1|0x0000000709600000, 0x00000007097fffc8, 0x0000000709800000| 99%| O|  |TAMS 0x00000007097fffc8, 0x0000000709600000| Untracked 
|   2|0x0000000709800000, 0x0000000709a00000, 0x0000000709a00000|100%| O|  |TAMS 0x0000000709a00000, 0x0000000709800000| Untracked 
|   3|0x0000000709a00000, 0x0000000709bffff0, 0x0000000709c00000| 99%| O|  |TAMS 0x0000000709bffff0, 0x0000000709a00000| Untracked 
|   4|0x0000000709c00000, 0x0000000709e00000, 0x0000000709e00000|100%| O|  |TAMS 0x0000000709e00000, 0x0000000709c00000| Untracked 
|   5|0x0000000709e00000, 0x0000000709fffff0, 0x000000070a000000| 99%| O|  |TAMS 0x0000000709fffff0, 0x0000000709e00000| Untracked 
|   6|0x000000070a000000, 0x000000070a1ffff8, 0x000000070a200000| 99%| O|  |TAMS 0x000000070a1ffff8, 0x000000070a000000| Untracked 
|   7|0x000000070a200000, 0x000000070a3ffff8, 0x000000070a400000| 99%| O|  |TAMS 0x000000070a3ffff8, 0x000000070a200000| Untracked 
|   8|0x000000070a400000, 0x000000070a5fffb0, 0x000000070a600000| 99%| O|  |TAMS 0x000000070a5fffb0, 0x000000070a400000| Untracked 
|   9|0x000000070a600000, 0x000000070a7ffff0, 0x000000070a800000| 99%| O|  |TAMS 0x000000070a7ffff0, 0x000000070a600000| Untracked 
|  10|0x000000070a800000, 0x000000070a9ffff8, 0x000000070aa00000| 99%| O|  |TAMS 0x000000070a9ffff8, 0x000000070a800000| Untracked 
|  11|0x000000070aa00000, 0x000000070abfffc0, 0x000000070ac00000| 99%| O|  |TAMS 0x000000070abfffc0, 0x000000070aa00000| Untracked 
|  12|0x000000070ac00000, 0x000000070ad87fa0, 0x000000070ae00000| 76%| O|  |TAMS 0x000000070ac00000, 0x000000070ac00000| Untracked 
|  13|0x000000070ae00000, 0x000000070afffff8, 0x000000070b000000| 99%| O|  |TAMS 0x000000070ae00000, 0x000000070ae00000| Untracked 
|  14|0x000000070b000000, 0x000000070b19de60, 0x000000070b200000| 80%| O|  |TAMS 0x000000070b000000, 0x000000070b000000| Untracked 
|  15|0x000000070b200000, 0x000000070b400000, 0x000000070b400000|100%| O|  |TAMS 0x000000070b200000, 0x000000070b200000| Untracked 
|  16|0x000000070b400000, 0x000000070b502000, 0x000000070b600000| 50%| O|  |TAMS 0x000000070b400000, 0x000000070b400000| Untracked 
|  17|0x000000070b600000, 0x000000070b666a98, 0x000000070b800000| 20%| O|  |TAMS 0x000000070b600000, 0x000000070b600000| Untracked 
|  18|0x000000070b800000, 0x000000070b846248, 0x000000070ba00000| 13%| O|  |TAMS 0x000000070b800000, 0x000000070b800000| Untracked 
|  19|0x000000070ba00000, 0x000000070ba00000, 0x000000070bc00000|  0%| F|  |TAMS 0x000000070ba00000, 0x000000070ba00000| Untracked 
|  20|0x000000070bc00000, 0x000000070bc00000, 0x000000070be00000|  0%| F|  |TAMS 0x000000070bc00000, 0x000000070bc00000| Untracked 
|  21|0x000000070be00000, 0x000000070be00000, 0x000000070c000000|  0%| F|  |TAMS 0x000000070be00000, 0x000000070be00000| Untracked 
|  22|0x000000070c000000, 0x000000070c000000, 0x000000070c200000|  0%| F|  |TAMS 0x000000070c000000, 0x000000070c000000| Untracked 
|  23|0x000000070c200000, 0x000000070c200000, 0x000000070c400000|  0%| F|  |TAMS 0x000000070c200000, 0x000000070c200000| Untracked 
|  24|0x000000070c400000, 0x000000070c4e1c80, 0x000000070c600000| 44%| S|CS|TAMS 0x000000070c400000, 0x000000070c400000| Complete 
|  25|0x000000070c600000, 0x000000070c600000, 0x000000070c800000|  0%| F|  |TAMS 0x000000070c600000, 0x000000070c600000| Untracked 
|  26|0x000000070c800000, 0x000000070c800000, 0x000000070ca00000|  0%| F|  |TAMS 0x000000070c800000, 0x000000070c800000| Untracked 
|  27|0x000000070ca00000, 0x000000070cc00000, 0x000000070cc00000|100%| S|CS|TAMS 0x000000070ca00000, 0x000000070ca00000| Complete 
|  28|0x000000070cc00000, 0x000000070ce00000, 0x000000070ce00000|100%| S|CS|TAMS 0x000000070cc00000, 0x000000070cc00000| Complete 
|  29|0x000000070ce00000, 0x000000070ce00000, 0x000000070d000000|  0%| F|  |TAMS 0x000000070ce00000, 0x000000070ce00000| Untracked 
|  30|0x000000070d000000, 0x000000070d000000, 0x000000070d200000|  0%| F|  |TAMS 0x000000070d000000, 0x000000070d000000| Untracked 
|  31|0x000000070d200000, 0x000000070d200000, 0x000000070d400000|  0%| F|  |TAMS 0x000000070d200000, 0x000000070d200000| Untracked 
|  32|0x000000070d400000, 0x000000070d400000, 0x000000070d600000|  0%| F|  |TAMS 0x000000070d400000, 0x000000070d400000| Untracked 
|  33|0x000000070d600000, 0x000000070d600000, 0x000000070d800000|  0%| F|  |TAMS 0x000000070d600000, 0x000000070d600000| Untracked 
|  34|0x000000070d800000, 0x000000070d800000, 0x000000070da00000|  0%| F|  |TAMS 0x000000070d800000, 0x000000070d800000| Untracked 
|  35|0x000000070da00000, 0x000000070da00000, 0x000000070dc00000|  0%| F|  |TAMS 0x000000070da00000, 0x000000070da00000| Untracked 
|  36|0x000000070dc00000, 0x000000070dc00000, 0x000000070de00000|  0%| F|  |TAMS 0x000000070dc00000, 0x000000070dc00000| Untracked 
|  37|0x000000070de00000, 0x000000070de00000, 0x000000070e000000|  0%| F|  |TAMS 0x000000070de00000, 0x000000070de00000| Untracked 
|  38|0x000000070e000000, 0x000000070e000000, 0x000000070e200000|  0%| F|  |TAMS 0x000000070e000000, 0x000000070e000000| Untracked 
|  39|0x000000070e200000, 0x000000070e3ee310, 0x000000070e400000| 96%| E|  |TAMS 0x000000070e200000, 0x000000070e200000| Complete 
|  40|0x000000070e400000, 0x000000070e600000, 0x000000070e600000|100%| E|CS|TAMS 0x000000070e400000, 0x000000070e400000| Complete 
|  41|0x000000070e600000, 0x000000070e800000, 0x000000070e800000|100%| E|CS|TAMS 0x000000070e600000, 0x000000070e600000| Complete 
|  54|0x0000000710000000, 0x0000000710200000, 0x0000000710200000|100%| E|CS|TAMS 0x0000000710000000, 0x0000000710000000| Complete 
|  55|0x0000000710200000, 0x0000000710400000, 0x0000000710400000|100%| E|CS|TAMS 0x0000000710200000, 0x0000000710200000| Complete 
|  56|0x0000000710400000, 0x0000000710600000, 0x0000000710600000|100%| E|CS|TAMS 0x0000000710400000, 0x0000000710400000| Complete 
|  57|0x0000000710600000, 0x0000000710800000, 0x0000000710800000|100%| E|CS|TAMS 0x0000000710600000, 0x0000000710600000| Complete 
| 123|0x0000000718a00000, 0x0000000718c00000, 0x0000000718c00000|100%| E|CS|TAMS 0x0000000718a00000, 0x0000000718a00000| Complete 

Card table byte_map: [0x0000015225c10000,0x00000152263d0000] _byte_map_base: 0x00000152223c6000

Marking Bits (Prev, Next): (CMBitMap*) 0x00000152106db980, (CMBitMap*) 0x00000152106db940
 Prev Bits: [0x000001522a940000, 0x000001522e6f0000)
 Next Bits: [0x0000015226b90000, 0x000001522a940000)

Polling page: 0x0000015212000000

Metaspace:

Usage:
  Non-class:     73.10 MB used.
      Class:      9.45 MB used.
       Both:     82.55 MB used.

Virtual space:
  Non-class space:       80.00 MB reserved,      73.38 MB ( 92%) committed,  10 nodes.
      Class space:        1.00 GB reserved,       9.69 MB ( <1%) committed,  1 nodes.
             Both:        1.08 GB reserved,      83.06 MB (  8%) committed. 

Chunk freelists:
   Non-Class:  2.45 MB
       Class:  2.35 MB
        Both:  4.80 MB

MaxMetaspaceSize: unlimited
CompressedClassSpaceSize: 1.00 GB
Initial GC threshold: 21.00 MB
Current GC threshold: 136.81 MB
CDS: off
MetaspaceReclaimPolicy: balanced
 - commit_granule_bytes: 65536.
 - commit_granule_words: 8192.
 - virtual_space_node_default_size: 1048576.
 - enlarge_chunks_in_place: 1.
 - new_chunks_are_fully_committed: 0.
 - uncommit_free_chunks: 1.
 - use_allocation_guard: 0.
 - handle_deallocations: 1.


Internal statistics:

num_allocs_failed_limit: 9.
num_arena_births: 748.
num_arena_deaths: 64.
num_vsnodes_births: 11.
num_vsnodes_deaths: 0.
num_space_committed: 1329.
num_space_uncommitted: 0.
num_chunks_returned_to_freelist: 109.
num_chunks_taken_from_freelist: 3707.
num_chunk_merges: 24.
num_chunk_splits: 2463.
num_chunks_enlarged: 1731.
num_purges: 8.
num_inconsistent_stats: 0.

CodeHeap 'non-profiled nmethods': size=120000Kb used=10009Kb max_used=10009Kb free=109990Kb
 bounds [0x000001521d9c0000, 0x000001521e390000, 0x0000015224ef0000]
CodeHeap 'profiled nmethods': size=120000Kb used=23936Kb max_used=24004Kb free=96063Kb
 bounds [0x0000015216490000, 0x0000015217c10000, 0x000001521d9c0000]
CodeHeap 'non-nmethods': size=5760Kb used=1418Kb max_used=1514Kb free=4341Kb
 bounds [0x0000015215ef0000, 0x0000015216160000, 0x0000015216490000]
 total_blobs=11816 nmethods=11137 adapters=590
 compilation: enabled
              stopped_count=0, restarted_count=0
 full_count=0

Compilation events (20 events):
Event: 711.497 Thread 0x0000015231c9fcc0 12929       4       org.springframework.cglib.core.ReflectUtils::getNames (37 bytes)
Event: 711.498 Thread 0x0000015231ca09d0 nmethod 12926 0x0000015217bfcb10 code [0x0000015217bfcee0, 0x0000015217bfe8a8]
Event: 711.498 Thread 0x0000015231ca09d0 12927       3       org.springframework.cglib.core.AbstractClassGenerator$ClassLoaderData::getClassLoader (11 bytes)
Event: 711.498 Thread 0x0000015231ca09d0 nmethod 12927 0x0000015217bff990 code [0x0000015217bffb40, 0x0000015217bffe18]
Event: 711.498 Thread 0x0000015231ca09d0 12928       3       org.springframework.cglib.core.AbstractClassGenerator::generateClassName (26 bytes)
Event: 711.499 Thread 0x0000015231ca09d0 nmethod 12928 0x0000015217bfff10 code [0x0000015217c000c0, 0x0000015217c00308]
Event: 711.499 Thread 0x0000015231ca09d0 12933       3       org.springframework.asm.ClassWriter::visitEnd (1 bytes)
Event: 711.499 Thread 0x0000015231ca09d0 nmethod 12933 0x0000015217c00410 code [0x0000015217c005a0, 0x0000015217c006b8]
Event: 711.499 Thread 0x0000015231ca09d0 12934       3       org.springframework.cglib.core.DebuggingClassWriter::toByteArray (18 bytes)
Event: 711.499 Thread 0x0000015231ca09d0 nmethod 12934 0x0000015217c00790 code [0x0000015217c00980, 0x0000015217c00f18]
Event: 711.501 Thread 0x0000015231c9fcc0 nmethod 12929 0x000001521e382b90 code [0x000001521e382d20, 0x000001521e383028]
Event: 711.501 Thread 0x0000015231c9fcc0 12930       4       org.springframework.asm.SymbolTable::addConstant (329 bytes)
Event: 711.502 Thread 0x000001523827b270 nmethod 12900 0x000001521e383190 code [0x000001521e383360, 0x000001521e3840c8]
Event: 711.503 Thread 0x0000015231c9fcc0 nmethod 12930 0x000001521e384690 code [0x000001521e384840, 0x000001521e384a28]
Event: 711.503 Thread 0x000001523827b270 12932       4       org.springframework.cglib.core.TypeUtils::isPrimitive (36 bytes)
Event: 711.503 Thread 0x0000015231c9fcc0 12931       4       org.springframework.asm.MethodWriter::endCurrentBasicBlockWithNoSuccessor (94 bytes)
Event: 711.503 Thread 0x000001523827b270 nmethod 12932 0x000001521e384c90 code [0x000001521e384e00, 0x000001521e384e98]
Event: 711.513 Thread 0x0000015231c9fcc0 nmethod 12931 0x000001521e384f90 code [0x000001521e385140, 0x000001521e385918]
Event: 715.471 Thread 0x0000015231c9fcc0 12935       4       java.util.concurrent.ConcurrentHashMap$KeyIterator::<init> (12 bytes)
Event: 715.476 Thread 0x0000015231c9fcc0 nmethod 12935 0x000001521e385c90 code [0x000001521e385e20, 0x000001521e386418]

GC Heap History (20 events):
Event: 621.823 GC heap before
{Heap before GC invocations=63 (full 3):
 garbage-first heap   total 96256K, used 72015K [0x0000000709400000, 0x0000000800000000)
  region size 2048K, 21 young (43008K), 3 survivors (6144K)
 Metaspace       used 83499K, committed 83968K, reserved 1130496K
  class space    used 9624K, committed 9856K, reserved 1048576K
}
Event: 621.825 GC heap after
{Heap after GC invocations=64 (full 3):
 garbage-first heap   total 96256K, used 36656K [0x0000000709400000, 0x0000000800000000)
  region size 2048K, 3 young (6144K), 3 survivors (6144K)
 Metaspace       used 83499K, committed 83968K, reserved 1130496K
  class space    used 9624K, committed 9856K, reserved 1048576K
}
Event: 638.170 GC heap before
{Heap before GC invocations=64 (full 3):
 garbage-first heap   total 96256K, used 71472K [0x0000000709400000, 0x0000000800000000)
  region size 2048K, 20 young (40960K), 3 survivors (6144K)
 Metaspace       used 83499K, committed 83968K, reserved 1130496K
  class space    used 9624K, committed 9856K, reserved 1048576K
}
Event: 638.172 GC heap after
{Heap after GC invocations=65 (full 3):
 garbage-first heap   total 96256K, used 37035K [0x0000000709400000, 0x0000000800000000)
  region size 2048K, 2 young (4096K), 2 survivors (4096K)
 Metaspace       used 83499K, committed 83968K, reserved 1130496K
  class space    used 9624K, committed 9856K, reserved 1048576K
}
Event: 655.595 GC heap before
{Heap before GC invocations=65 (full 3):
 garbage-first heap   total 96256K, used 73899K [0x0000000709400000, 0x0000000800000000)
  region size 2048K, 20 young (40960K), 2 survivors (4096K)
 Metaspace       used 83499K, committed 83968K, reserved 1130496K
  class space    used 9624K, committed 9856K, reserved 1048576K
}
Event: 655.597 GC heap after
{Heap after GC invocations=66 (full 3):
 garbage-first heap   total 96256K, used 36712K [0x0000000709400000, 0x0000000800000000)
  region size 2048K, 2 young (4096K), 2 survivors (4096K)
 Metaspace       used 83499K, committed 83968K, reserved 1130496K
  class space    used 9624K, committed 9856K, reserved 1048576K
}
Event: 672.945 GC heap before
{Heap before GC invocations=66 (full 3):
 garbage-first heap   total 96256K, used 73576K [0x0000000709400000, 0x0000000800000000)
  region size 2048K, 20 young (40960K), 2 survivors (4096K)
 Metaspace       used 83499K, committed 83968K, reserved 1130496K
  class space    used 9624K, committed 9856K, reserved 1048576K
}
Event: 672.946 GC heap after
{Heap after GC invocations=67 (full 3):
 garbage-first heap   total 96256K, used 36911K [0x0000000709400000, 0x0000000800000000)
  region size 2048K, 2 young (4096K), 2 survivors (4096K)
 Metaspace       used 83499K, committed 83968K, reserved 1130496K
  class space    used 9624K, committed 9856K, reserved 1048576K
}
Event: 690.514 GC heap before
{Heap before GC invocations=67 (full 3):
 garbage-first heap   total 96256K, used 73775K [0x0000000709400000, 0x0000000800000000)
  region size 2048K, 20 young (40960K), 2 survivors (4096K)
 Metaspace       used 83499K, committed 83968K, reserved 1130496K
  class space    used 9624K, committed 9856K, reserved 1048576K
}
Event: 690.515 GC heap after
{Heap after GC invocations=68 (full 3):
 garbage-first heap   total 96256K, used 36839K [0x0000000709400000, 0x0000000800000000)
  region size 2048K, 2 young (4096K), 2 survivors (4096K)
 Metaspace       used 83499K, committed 83968K, reserved 1130496K
  class space    used 9624K, committed 9856K, reserved 1048576K
}
Event: 708.343 GC heap before
{Heap before GC invocations=68 (full 3):
 garbage-first heap   total 96256K, used 75751K [0x0000000709400000, 0x0000000800000000)
  region size 2048K, 21 young (43008K), 2 survivors (4096K)
 Metaspace       used 83549K, committed 84032K, reserved 1130496K
  class space    used 9625K, committed 9856K, reserved 1048576K
}
Event: 708.345 GC heap after
{Heap after GC invocations=69 (full 3):
 garbage-first heap   total 96256K, used 37717K [0x0000000709400000, 0x0000000800000000)
  region size 2048K, 2 young (4096K), 2 survivors (4096K)
 Metaspace       used 83549K, committed 84032K, reserved 1130496K
  class space    used 9625K, committed 9856K, reserved 1048576K
}
Event: 708.370 GC heap before
{Heap before GC invocations=69 (full 3):
 garbage-first heap   total 96256K, used 37717K [0x0000000709400000, 0x0000000800000000)
  region size 2048K, 3 young (6144K), 2 survivors (4096K)
 Metaspace       used 83558K, committed 84032K, reserved 1130496K
  class space    used 9626K, committed 9856K, reserved 1048576K
}
Event: 708.409 GC heap after
{Heap after GC invocations=70 (full 4):
 garbage-first heap   total 96256K, used 30538K [0x0000000709400000, 0x0000000800000000)
  region size 2048K, 0 young (0K), 0 survivors (0K)
 Metaspace       used 83532K, committed 84032K, reserved 1130496K
  class space    used 9622K, committed 9856K, reserved 1048576K
}
Event: 708.865 GC heap before
{Heap before GC invocations=70 (full 4):
 garbage-first heap   total 96256K, used 75594K [0x0000000709400000, 0x0000000800000000)
  region size 2048K, 22 young (45056K), 0 survivors (0K)
 Metaspace       used 83679K, committed 84160K, reserved 1130496K
  class space    used 9638K, committed 9856K, reserved 1048576K
}
Event: 708.867 GC heap after
{Heap after GC invocations=71 (full 4):
 garbage-first heap   total 96256K, used 34040K [0x0000000709400000, 0x0000000800000000)
  region size 2048K, 2 young (4096K), 2 survivors (4096K)
 Metaspace       used 83679K, committed 84160K, reserved 1130496K
  class space    used 9638K, committed 9856K, reserved 1048576K
}
Event: 709.155 GC heap before
{Heap before GC invocations=71 (full 4):
 garbage-first heap   total 96256K, used 75000K [0x0000000709400000, 0x0000000800000000)
  region size 2048K, 22 young (45056K), 2 survivors (4096K)
 Metaspace       used 84080K, committed 84544K, reserved 1130496K
  class space    used 9653K, committed 9856K, reserved 1048576K
}
Event: 709.157 GC heap after
{Heap after GC invocations=72 (full 4):
 garbage-first heap   total 96256K, used 35794K [0x0000000709400000, 0x0000000800000000)
  region size 2048K, 2 young (4096K), 2 survivors (4096K)
 Metaspace       used 84080K, committed 84544K, reserved 1130496K
  class space    used 9653K, committed 9856K, reserved 1048576K
}
Event: 711.489 GC heap before
{Heap before GC invocations=72 (full 4):
 garbage-first heap   total 96256K, used 72658K [0x0000000709400000, 0x0000000800000000)
  region size 2048K, 20 young (40960K), 2 survivors (4096K)
 Metaspace       used 84489K, committed 84992K, reserved 1130496K
  class space    used 9674K, committed 9920K, reserved 1048576K
}
Event: 711.491 GC heap after
{Heap after GC invocations=73 (full 4):
 garbage-first heap   total 96256K, used 38617K [0x0000000709400000, 0x0000000800000000)
  region size 2048K, 3 young (6144K), 3 survivors (6144K)
 Metaspace       used 84489K, committed 84992K, reserved 1130496K
  class space    used 9674K, committed 9920K, reserved 1048576K
}

Deoptimization events (20 events):
Event: 711.482 Thread 0x00000152393ba940 DEOPT PACKING pc=0x000001521e2b44a8 sp=0x00000003441fa620
Event: 711.482 Thread 0x00000152393ba940 DEOPT UNPACKING pc=0x0000015215f42b43 sp=0x00000003441f9b18 mode 1
Event: 711.482 Thread 0x00000152393ba940 DEOPT PACKING pc=0x000001521e2c7f60 sp=0x00000003441fa6d0
Event: 711.482 Thread 0x00000152393ba940 DEOPT UNPACKING pc=0x0000015215f42b43 sp=0x00000003441f9bb0 mode 1
Event: 711.484 Thread 0x00000152393ba940 DEOPT PACKING pc=0x0000015216c5b27c sp=0x00000003441fa800
Event: 711.484 Thread 0x00000152393ba940 DEOPT UNPACKING pc=0x0000015215f42b43 sp=0x00000003441f9ec0 mode 1
Event: 711.484 Thread 0x00000152393ba940 DEOPT PACKING pc=0x0000015216d1596c sp=0x00000003441fab50
Event: 711.484 Thread 0x00000152393ba940 DEOPT UNPACKING pc=0x0000015215f42b43 sp=0x00000003441fa018 mode 1
Event: 711.488 Thread 0x00000152393ba940 DEOPT PACKING pc=0x00000152174a6e4f sp=0x00000003441fb2e0
Event: 711.488 Thread 0x00000152393ba940 DEOPT UNPACKING pc=0x0000015215f42b43 sp=0x00000003441fa828 mode 1
Event: 711.488 Thread 0x00000152393ba940 DEOPT PACKING pc=0x000001521650c984 sp=0x00000003441fb410
Event: 711.488 Thread 0x00000152393ba940 DEOPT UNPACKING pc=0x0000015215f42b43 sp=0x00000003441fa8b8 mode 1
Event: 711.489 Thread 0x00000152393ba940 DEOPT PACKING pc=0x0000015216c5b27c sp=0x00000003441fa870
Event: 711.489 Thread 0x00000152393ba940 DEOPT UNPACKING pc=0x0000015215f42b43 sp=0x00000003441f9f30 mode 1
Event: 711.489 Thread 0x00000152393ba940 DEOPT PACKING pc=0x0000015216d1596c sp=0x00000003441fabc0
Event: 711.489 Thread 0x00000152393ba940 DEOPT UNPACKING pc=0x0000015215f42b43 sp=0x00000003441fa088 mode 1
Event: 711.499 Thread 0x00000152393ba940 DEOPT PACKING pc=0x0000015216c5b27c sp=0x00000003441fa870
Event: 711.499 Thread 0x00000152393ba940 DEOPT UNPACKING pc=0x0000015215f42b43 sp=0x00000003441f9f30 mode 1
Event: 711.499 Thread 0x00000152393ba940 DEOPT PACKING pc=0x0000015216d1596c sp=0x00000003441fabc0
Event: 711.499 Thread 0x00000152393ba940 DEOPT UNPACKING pc=0x0000015215f42b43 sp=0x00000003441fa088 mode 1

Classes unloaded (20 events):
Event: 590.845 Thread 0x0000015231c43140 Unloading class 0x00000008008c1000 'jdk/internal/reflect/GeneratedSerializationConstructorAccessor11'
Event: 590.845 Thread 0x0000015231c43140 Unloading class 0x00000008008c0c00 'jdk/internal/reflect/GeneratedSerializationConstructorAccessor10'
Event: 590.845 Thread 0x0000015231c43140 Unloading class 0x00000008008c0800 'jdk/internal/reflect/GeneratedSerializationConstructorAccessor9'
Event: 590.845 Thread 0x0000015231c43140 Unloading class 0x00000008008c0400 'jdk/internal/reflect/GeneratedSerializationConstructorAccessor8'
Event: 590.845 Thread 0x0000015231c43140 Unloading class 0x00000008008b4800 'org/apache/catalina/loader/JdbcLeakPrevention'
Event: 618.974 Thread 0x0000015231c43140 Unloading class 0x0000000800988000 'jdk/internal/reflect/GeneratedSerializationConstructorAccessor26'
Event: 618.974 Thread 0x0000015231c43140 Unloading class 0x0000000800985c00 'jdk/internal/reflect/GeneratedSerializationConstructorAccessor25'
Event: 618.974 Thread 0x0000015231c43140 Unloading class 0x0000000800985800 'jdk/internal/reflect/GeneratedSerializationConstructorAccessor24'
Event: 618.974 Thread 0x0000015231c43140 Unloading class 0x0000000800985400 'jdk/internal/reflect/GeneratedSerializationConstructorAccessor23'
Event: 618.974 Thread 0x0000015231c43140 Unloading class 0x0000000800985000 'jdk/internal/reflect/GeneratedSerializationConstructorAccessor22'
Event: 618.974 Thread 0x0000015231c43140 Unloading class 0x0000000800984c00 'jdk/internal/reflect/GeneratedSerializationConstructorAccessor21'
Event: 618.974 Thread 0x0000015231c43140 Unloading class 0x0000000800984000 'jdk/internal/reflect/GeneratedSerializationConstructorAccessor20'
Event: 708.382 Thread 0x0000015231c43140 Unloading class 0x0000000800995c00 'jdk/internal/reflect/GeneratedSerializationConstructorAccessor33'
Event: 708.382 Thread 0x0000015231c43140 Unloading class 0x0000000800995800 'jdk/internal/reflect/GeneratedSerializationConstructorAccessor32'
Event: 708.383 Thread 0x0000015231c43140 Unloading class 0x0000000800995400 'jdk/internal/reflect/GeneratedSerializationConstructorAccessor31'
Event: 708.383 Thread 0x0000015231c43140 Unloading class 0x0000000800995000 'jdk/internal/reflect/GeneratedSerializationConstructorAccessor30'
Event: 708.383 Thread 0x0000015231c43140 Unloading class 0x0000000800994c00 'jdk/internal/reflect/GeneratedSerializationConstructorAccessor29'
Event: 708.383 Thread 0x0000015231c43140 Unloading class 0x0000000800994800 'jdk/internal/reflect/GeneratedSerializationConstructorAccessor28'
Event: 708.383 Thread 0x0000015231c43140 Unloading class 0x0000000800994400 'jdk/internal/reflect/GeneratedSerializationConstructorAccessor27'
Event: 708.383 Thread 0x0000015231c43140 Unloading class 0x0000000800988c00 'org/apache/catalina/loader/JdbcLeakPrevention'

Classes redefined (7 events):
Event: 264.613 Thread 0x0000015231c43140 redefined class name=com.devpro.NgoManhHungFECuoiKhoa.controller.customer.DefaultController, count=1
Event: 582.464 Thread 0x0000015231c43140 redefined class name=com.devpro.NgoManhHungFECuoiKhoa.services.ProductService, count=1
Event: 582.464 Thread 0x0000015231c43140 redefined class name=com.devpro.NgoManhHungFECuoiKhoa.services.ProductService, count=1
Event: 707.162 Thread 0x0000015231c43140 redefined class name=com.devpro.NgoManhHungFECuoiKhoa.services.ProductService, count=2
Event: 707.162 Thread 0x0000015231c43140 redefined class name=com.devpro.NgoManhHungFECuoiKhoa.services.ProductService, count=1
Event: 707.162 Thread 0x0000015231c43140 redefined class name=com.devpro.NgoManhHungFECuoiKhoa.services.ProductService, count=1
Event: 707.162 Thread 0x0000015231c43140 redefined class name=com.devpro.NgoManhHungFECuoiKhoa.services.ProductService, count=2

Internal exceptions (20 events):
Event: 708.938 Thread 0x00000152393be300 Exception <a 'java/lang/NullPointerException'{0x000000070e53a250}> (0x000000070e53a250) 
thrown [s\src\hotspot\share\runtime\sharedRuntime.cpp, line 628]
Event: 708.938 Thread 0x00000152393be300 Implicit null exception at 0x0000015216c4232d to 0x0000015216c4290d
Event: 708.938 Thread 0x00000152393be300 Exception <a 'java/lang/NullPointerException'{0x000000070e53b258}> (0x000000070e53b258) 
thrown [s\src\hotspot\share\runtime\sharedRuntime.cpp, line 628]
Event: 708.938 Thread 0x00000152393be300 Implicit null exception at 0x0000015216c4232d to 0x0000015216c4290d
Event: 708.938 Thread 0x00000152393be300 Exception <a 'java/lang/NullPointerException'{0x000000070e53c1f8}> (0x000000070e53c1f8) 
thrown [s\src\hotspot\share\runtime\sharedRuntime.cpp, line 628]
Event: 708.938 Thread 0x00000152393be300 Implicit null exception at 0x0000015216c4232d to 0x0000015216c4290d
Event: 708.938 Thread 0x00000152393be300 Exception <a 'java/lang/NullPointerException'{0x000000070e53d198}> (0x000000070e53d198) 
thrown [s\src\hotspot\share\runtime\sharedRuntime.cpp, line 628]
Event: 708.938 Thread 0x00000152393be300 Implicit null exception at 0x0000015216c4232d to 0x0000015216c4290d
Event: 708.938 Thread 0x00000152393be300 Exception <a 'java/lang/NullPointerException'{0x000000070e53e480}> (0x000000070e53e480) 
thrown [s\src\hotspot\share\runtime\sharedRuntime.cpp, line 628]
Event: 709.160 Thread 0x00000152393be300 Exception <a 'java/lang/ClassNotFoundException'{0x0000000718a286d0}: java/lang/ObjectCustomizer> (0x0000000718a286d0) 
thrown [s\src\hotspot\share\classfile\systemDictionary.cpp, line 256]
Event: 709.160 Thread 0x00000152393be300 Exception <a 'java/lang/ClassNotFoundException'{0x0000000718a30658}: org/springframework/security/config/annotation/web/configuration/WebSecurityConfigurerAdapterCustomizer> (0x0000000718a30658) 
thrown [s\src\hotspot\share\classfile\systemDictionary.cpp, line 256]
Event: 709.161 Thread 0x00000152393be300 Exception <a 'java/lang/ClassNotFoundException'{0x0000000718a3efa8}: com/devpro/NgoManhHungFECuoiKhoa/conf/SecureConfCustomizer> (0x0000000718a3efa8) 
thrown [s\src\hotspot\share\classfile\systemDictionary.cpp, line 256]
Event: 709.162 Thread 0x00000152393be300 Exception <a 'java/lang/ClassNotFoundException'{0x0000000718a47160}: com/devpro/NgoManhHungFECuoiKhoa/conf/SecureConf$$EnhancerBySpringCGLIB$$36e2730aCustomizer> (0x0000000718a47160) 
thrown [s\src\hotspot\share\classfile\systemDictionary.cpp, line 256]
Event: 709.162 Thread 0x00000152393be300 Exception <a 'java/lang/ClassNotFoundException'{0x0000000718a58498}: org/springframework/context/annotation/ConfigurationClassEnhancer$EnhancedConfigurationCustomizer> (0x0000000718a58498) 
thrown [s\src\hotspot\share\classfile\systemDictionary.cpp, line 256]
Event: 709.163 Thread 0x00000152393be300 Exception <a 'java/lang/ClassNotFoundException'{0x0000000718a5bdb8}: org/springframework/beans/factory/BeanFactoryAwareCustomizer> (0x0000000718a5bdb8) 
thrown [s\src\hotspot\share\classfile\systemDictionary.cpp, line 256]
Event: 709.163 Thread 0x00000152393be300 Exception <a 'java/lang/ClassNotFoundException'{0x0000000718a60ca8}: org/springframework/beans/factory/AwareCustomizer> (0x0000000718a60ca8) 
thrown [s\src\hotspot\share\classfile\systemDictionary.cpp, line 256]
Event: 709.163 Thread 0x00000152393be300 Exception <a 'java/lang/ClassNotFoundException'{0x0000000718a64940}: org/springframework/security/config/annotation/web/WebSecurityConfigurerCustomizer> (0x0000000718a64940) 
thrown [s\src\hotspot\share\classfile\systemDictionary.cpp, line 256]
Event: 709.164 Thread 0x00000152393be300 Exception <a 'java/lang/ClassNotFoundException'{0x0000000718a68638}: org/springframework/security/config/annotation/SecurityConfigurerCustomizer> (0x0000000718a68638) 
thrown [s\src\hotspot\share\classfile\systemDictionary.cpp, line 256]
Event: 709.241 Thread 0x00000152393be300 Exception <a 'java/lang/ClassNotFoundException'{0x0000000710061270}: java/lang/ObjectCustomizer> (0x0000000710061270) 
thrown [s\src\hotspot\share\classfile\systemDictionary.cpp, line 256]
Event: 709.241 Thread 0x00000152393be300 Exception <a 'java/lang/ClassNotFoundException'{0x0000000710069000}: com/devpro/NgoManhHungFECuoiKhoa/controller/customer/RegisterControllerCustomizer> (0x0000000710069000) 
thrown [s\src\hotspot\share\classfile\systemDictionary.cpp, line 256]

VM Operations (20 events):
Event: 712.791 Executing VM operation: get/set locals
Event: 712.792 Executing VM operation: get/set locals done
Event: 712.792 Executing VM operation: get/set locals
Event: 712.792 Executing VM operation: get/set locals done
Event: 718.597 Executing VM operation: GetObjectMonitorUsage
Event: 718.597 Executing VM operation: GetObjectMonitorUsage done
Event: 718.597 Executing VM operation: GetObjectMonitorUsage
Event: 718.597 Executing VM operation: GetObjectMonitorUsage done
Event: 718.598 Executing VM operation: GetObjectMonitorUsage
Event: 718.598 Executing VM operation: GetObjectMonitorUsage done
Event: 718.599 Executing VM operation: GetObjectMonitorUsage
Event: 718.599 Executing VM operation: GetObjectMonitorUsage done
Event: 718.603 Executing VM operation: GetObjectMonitorUsage
Event: 718.603 Executing VM operation: GetObjectMonitorUsage done
Event: 718.603 Executing VM operation: GetObjectMonitorUsage
Event: 718.603 Executing VM operation: GetObjectMonitorUsage done
Event: 718.604 Executing VM operation: GetObjectMonitorUsage
Event: 718.604 Executing VM operation: GetObjectMonitorUsage done
Event: 718.604 Executing VM operation: GetObjectMonitorUsage
Event: 718.605 Executing VM operation: GetObjectMonitorUsage done

Events (20 events):
Event: 709.454 Thread 0x000001523ba043f0 Thread added: 0x000001523ba043f0
Event: 709.454 Thread 0x000001523ba02710 Thread added: 0x000001523ba02710
Event: 709.455 Thread 0x000001523ba01d70 Thread added: 0x000001523ba01d70
Event: 709.455 Thread 0x000001523ba048c0 Thread added: 0x000001523ba048c0
Event: 709.455 Thread 0x000001523ba02be0 Thread added: 0x000001523ba02be0
Event: 709.455 Thread 0x000001523ba05260 Thread added: 0x000001523ba05260
Event: 709.455 Thread 0x000001523ba06a70 Thread added: 0x000001523ba06a70
Event: 709.455 Thread 0x000001523ba06f40 Thread added: 0x000001523ba06f40
Event: 709.457 Thread 0x000001523ba078e0 Thread added: 0x000001523ba078e0
Event: 709.458 Thread 0x000001523ba00090 Thread added: 0x000001523ba00090
Event: 709.458 Thread 0x000001523ba00560 Thread added: 0x000001523ba00560
Event: 709.462 Thread 0x00000152393be300 Thread exited: 0x00000152393be300
Event: 709.462 Thread 0x00000152393b7450 Thread exited: 0x00000152393b7450
Event: 711.439 Thread 0x000001523827bc90 Thread exited: 0x000001523827bc90
Event: 711.442 Thread 0x000001523827d5e0 Thread exited: 0x000001523827d5e0
Event: 711.468 Thread 0x000001523827b270 Thread added: 0x000001523827b270
Event: 711.518 Thread 0x0000015231cabab0 flushing nmethod 0x0000015217543c90
Event: 711.519 Thread 0x0000015231cabab0 flushing nmethod 0x00000152177fb910
Event: 714.093 Thread 0x00000152393b8790 Thread exited: 0x00000152393b8790
Event: 715.471 Thread 0x000001523827b270 Thread exited: 0x000001523827b270


Dynamic libraries:
0x00007ff78c7c0000 - 0x00007ff78c7ce000 	C:\eclipse\plugins\org.eclipse.justj.openjdk.hotspot.jre.full.win32.x86_64_17.0.4.v20220903-1038\jre\bin\javaw.exe
0x00007ffdce5b0000 - 0x00007ffdce7a8000 	C:\Windows\SYSTEM32\ntdll.dll
0x00007ffdcd9a0000 - 0x00007ffdcda5f000 	C:\Windows\System32\KERNEL32.DLL
0x00007ffdcbca0000 - 0x00007ffdcbf72000 	C:\Windows\System32\KERNELBASE.dll
0x00007ffdcc230000 - 0x00007ffdcc330000 	C:\Windows\System32\ucrtbase.dll
0x00007ffdbafa0000 - 0x00007ffdbafb9000 	C:\eclipse\plugins\org.eclipse.justj.openjdk.hotspot.jre.full.win32.x86_64_17.0.4.v20220903-1038\jre\bin\VCRUNTIME140.dll
0x00007ffdbaf60000 - 0x00007ffdbaf78000 	C:\eclipse\plugins\org.eclipse.justj.openjdk.hotspot.jre.full.win32.x86_64_17.0.4.v20220903-1038\jre\bin\jli.dll
0x00007ffdcd180000 - 0x00007ffdcd321000 	C:\Windows\System32\USER32.dll
0x00007ffdbb3f0000 - 0x00007ffdbb68a000 	C:\Windows\WinSxS\amd64_microsoft.windows.common-controls_6595b64144ccf1df_6.0.19041.1110_none_60b5254171f9507e\COMCTL32.dll
0x00007ffdcbff0000 - 0x00007ffdcc012000 	C:\Windows\System32\win32u.dll
0x00007ffdcd0e0000 - 0x00007ffdcd17e000 	C:\Windows\System32\msvcrt.dll
0x00007ffdccc40000 - 0x00007ffdccc6b000 	C:\Windows\System32\GDI32.dll
0x00007ffdcc330000 - 0x00007ffdcc43f000 	C:\Windows\System32\gdi32full.dll
0x00007ffdcc440000 - 0x00007ffdcc4dd000 	C:\Windows\System32\msvcp_win.dll
0x00007ffdce450000 - 0x00007ffdce482000 	C:\Windows\System32\IMM32.DLL
0x00007ffdc7860000 - 0x00007ffdc786c000 	C:\eclipse\plugins\org.eclipse.justj.openjdk.hotspot.jre.full.win32.x86_64_17.0.4.v20220903-1038\jre\bin\vcruntime140_1.dll
0x00007ffd8e8e0000 - 0x00007ffd8e971000 	C:\eclipse\plugins\org.eclipse.justj.openjdk.hotspot.jre.full.win32.x86_64_17.0.4.v20220903-1038\jre\bin\msvcp140.dll
0x00007ffd53ab0000 - 0x00007ffd546f6000 	C:\eclipse\plugins\org.eclipse.justj.openjdk.hotspot.jre.full.win32.x86_64_17.0.4.v20220903-1038\jre\bin\server\jvm.dll
0x00007ffdcd400000 - 0x00007ffdcd4ae000 	C:\Windows\System32\ADVAPI32.dll
0x00007ffdcce60000 - 0x00007ffdccefc000 	C:\Windows\System32\sechost.dll
0x00007ffdcd870000 - 0x00007ffdcd995000 	C:\Windows\System32\RPCRT4.dll
0x00007ffdcdcf0000 - 0x00007ffdcdcf8000 	C:\Windows\System32\PSAPI.DLL
0x00007ffdc5250000 - 0x00007ffdc525a000 	C:\Windows\SYSTEM32\VERSION.dll
0x00007ffdb3840000 - 0x00007ffdb3849000 	C:\Windows\SYSTEM32\WSOCK32.dll
0x00007ffdc27e0000 - 0x00007ffdc2807000 	C:\Windows\SYSTEM32\WINMM.dll
0x00007ffdcd390000 - 0x00007ffdcd3fb000 	C:\Windows\System32\WS2_32.dll
0x00007ffdc9b60000 - 0x00007ffdc9b72000 	C:\Windows\SYSTEM32\kernel.appcore.dll
0x00007ffdc7830000 - 0x00007ffdc783a000 	C:\eclipse\plugins\org.eclipse.justj.openjdk.hotspot.jre.full.win32.x86_64_17.0.4.v20220903-1038\jre\bin\jimage.dll
0x00007ffdbc080000 - 0x00007ffdbc264000 	C:\Windows\SYSTEM32\DBGHELP.DLL
0x00007ffdb8390000 - 0x00007ffdb83c5000 	C:\Windows\SYSTEM32\dbgcore.DLL
0x00007ffdcc560000 - 0x00007ffdcc5e2000 	C:\Windows\System32\bcryptPrimitives.dll
0x00007ffd8ff20000 - 0x00007ffd8ff5b000 	C:\eclipse\plugins\org.eclipse.justj.openjdk.hotspot.jre.full.win32.x86_64_17.0.4.v20220903-1038\jre\bin\jdwp.dll
0x00007ffdb77d0000 - 0x00007ffdb77de000 	C:\eclipse\plugins\org.eclipse.justj.openjdk.hotspot.jre.full.win32.x86_64_17.0.4.v20220903-1038\jre\bin\instrument.dll
0x00007ffdc4380000 - 0x00007ffdc43a5000 	C:\eclipse\plugins\org.eclipse.justj.openjdk.hotspot.jre.full.win32.x86_64_17.0.4.v20220903-1038\jre\bin\java.dll
0x00007ffdc4360000 - 0x00007ffdc4378000 	C:\eclipse\plugins\org.eclipse.justj.openjdk.hotspot.jre.full.win32.x86_64_17.0.4.v20220903-1038\jre\bin\zip.dll
0x00007ffdcdd00000 - 0x00007ffdce444000 	C:\Windows\System32\SHELL32.dll
0x00007ffdc9d60000 - 0x00007ffdca4f2000 	C:\Windows\SYSTEM32\windows.storage.dll
0x00007ffdcd4b0000 - 0x00007ffdcd805000 	C:\Windows\System32\combase.dll
0x00007ffdcb690000 - 0x00007ffdcb6c0000 	C:\Windows\SYSTEM32\Wldp.dll
0x00007ffdccdb0000 - 0x00007ffdcce5d000 	C:\Windows\System32\SHCORE.dll
0x00007ffdce490000 - 0x00007ffdce4e5000 	C:\Windows\System32\shlwapi.dll
0x00007ffdcbbe0000 - 0x00007ffdcbbff000 	C:\Windows\SYSTEM32\profapi.dll
0x00007ffdb77c0000 - 0x00007ffdb77cc000 	C:\eclipse\plugins\org.eclipse.justj.openjdk.hotspot.jre.full.win32.x86_64_17.0.4.v20220903-1038\jre\bin\dt_socket.dll
0x00007ffdcb070000 - 0x00007ffdcb0ab000 	C:\Windows\SYSTEM32\IPHLPAPI.DLL
0x00007ffdcb380000 - 0x00007ffdcb3ea000 	C:\Windows\system32\mswsock.dll
0x00007ffdcb0b0000 - 0x00007ffdcb17a000 	C:\Windows\SYSTEM32\DNSAPI.dll
0x00007ffdccda0000 - 0x00007ffdccda8000 	C:\Windows\System32\NSI.dll
0x00007ffdc4fa0000 - 0x00007ffdc4faa000 	C:\Windows\System32\rasadhlp.dll
0x00007ffdc06e0000 - 0x00007ffdc0760000 	C:\Windows\System32\fwpuclnt.dll
0x00007ffdcc4e0000 - 0x00007ffdcc507000 	C:\Windows\System32\bcrypt.dll
0x00007ffdc4340000 - 0x00007ffdc4359000 	C:\eclipse\plugins\org.eclipse.justj.openjdk.hotspot.jre.full.win32.x86_64_17.0.4.v20220903-1038\jre\bin\net.dll
0x00007ffdc5370000 - 0x00007ffdc547c000 	C:\Windows\SYSTEM32\WINHTTP.dll
0x00007ffdbafe0000 - 0x00007ffdbaff5000 	C:\eclipse\plugins\org.eclipse.justj.openjdk.hotspot.jre.full.win32.x86_64_17.0.4.v20220903-1038\jre\bin\nio.dll
0x00007ffdc7820000 - 0x00007ffdc7830000 	C:\eclipse\plugins\org.eclipse.justj.openjdk.hotspot.jre.full.win32.x86_64_17.0.4.v20220903-1038\jre\bin\verify.dll
0x00007ffdb48c0000 - 0x00007ffdb48c9000 	C:\eclipse\plugins\org.eclipse.justj.openjdk.hotspot.jre.full.win32.x86_64_17.0.4.v20220903-1038\jre\bin\management.dll
0x00007ffdb48b0000 - 0x00007ffdb48bb000 	C:\eclipse\plugins\org.eclipse.justj.openjdk.hotspot.jre.full.win32.x86_64_17.0.4.v20220903-1038\jre\bin\management_ext.dll
0x00007ffd95180000 - 0x00007ffd95197000 	C:\Windows\system32\napinsp.dll
0x00007ffd95160000 - 0x00007ffd9517b000 	C:\Windows\system32\pnrpnsp.dll
0x00007ffd95140000 - 0x00007ffd95155000 	C:\Windows\system32\wshbth.dll
0x00007ffdc7790000 - 0x00007ffdc77ad000 	C:\Windows\system32\NLAapi.dll
0x00007ffd950c0000 - 0x00007ffd950d2000 	C:\Windows\System32\winrnr.dll
0x00007ffdcb570000 - 0x00007ffdcb588000 	C:\Windows\SYSTEM32\CRYPTSP.dll
0x00007ffdcaca0000 - 0x00007ffdcacd4000 	C:\Windows\system32\rsaenh.dll
0x00007ffdcbb60000 - 0x00007ffdcbb8e000 	C:\Windows\SYSTEM32\USERENV.dll
0x00007ffdcb590000 - 0x00007ffdcb59c000 	C:\Windows\SYSTEM32\CRYPTBASE.dll
0x00007ffdc5f10000 - 0x00007ffdc5f27000 	C:\Windows\SYSTEM32\dhcpcsvc6.DLL
0x00007ffdc4f80000 - 0x00007ffdc4f9d000 	C:\Windows\SYSTEM32\dhcpcsvc.DLL
0x00007ffdc7890000 - 0x00007ffdc789e000 	C:\eclipse\plugins\org.eclipse.justj.openjdk.hotspot.jre.full.win32.x86_64_17.0.4.v20220903-1038\jre\bin\sunmscapi.dll
0x00007ffdcc020000 - 0x00007ffdcc176000 	C:\Windows\System32\CRYPT32.dll
0x00007ffdcb700000 - 0x00007ffdcb727000 	C:\Windows\SYSTEM32\ncrypt.dll
0x00007ffdcb6c0000 - 0x00007ffdcb6fb000 	C:\Windows\SYSTEM32\NTASN1.dll
0x00007ffd54a50000 - 0x00007ffd54a57000 	C:\Windows\system32\wshunix.dll

dbghelp: loaded successfully - version: 4.0.5 - missing functions: none
symbol engine: initialized successfully - sym options: 0x614 - pdb path: .;C:\eclipse\plugins\org.eclipse.justj.openjdk.hotspot.jre.full.win32.x86_64_17.0.4.v20220903-1038\jre\bin;C:\Windows\SYSTEM32;C:\Windows\WinSxS\amd64_microsoft.windows.common-controls_6595b64144ccf1df_6.0.19041.1110_none_60b5254171f9507e;C:\eclipse\plugins\org.eclipse.justj.openjdk.hotspot.jre.full.win32.x86_64_17.0.4.v20220903-1038\jre\bin\server

VM Arguments:
jvm_args: -XX:+ShowCodeDetailsInExceptionMessages -agentlib:jdwp=transport=dt_socket,suspend=y,address=localhost:53933 -javaagent:C:\eclipse\configuration\org.eclipse.osgi\228\0\.cp\lib\javaagent-shaded.jar -Dfile.encoding=UTF-8 
java_command: com.devpro.NgoManhHungFECuoiKhoa.StartServer
java_class_path (initial): D:\javaweb20Version02\target\classes;C:\Users\Ngo Manh Hung\.m2\repository\org\springframework\boot\spring-boot-starter-web\2.1.4.RELEASE\spring-boot-starter-web-2.1.4.RELEASE.jar;C:\Users\Ngo Manh Hung\.m2\repository\org\springframework\boot\spring-boot-starter\2.1.4.RELEASE\spring-boot-starter-2.1.4.RELEASE.jar;C:\Users\Ngo Manh Hung\.m2\repository\org\springframework\boot\spring-boot-starter-logging\2.1.4.RELEASE\spring-boot-starter-logging-2.1.4.RELEASE.jar;C:\Users\Ngo Manh Hung\.m2\repository\ch\qos\logback\logback-classic\1.2.3\logback-classic-1.2.3.jar;C:\Users\Ngo Manh Hung\.m2\repository\ch\qos\logback\logback-core\1.2.3\logback-core-1.2.3.jar;C:\Users\Ngo Manh Hung\.m2\repository\org\apache\logging\log4j\log4j-to-slf4j\2.11.2\log4j-to-slf4j-2.11.2.jar;C:\Users\Ngo Manh Hung\.m2\repository\org\apache\logging\log4j\log4j-api\2.11.2\log4j-api-2.11.2.jar;C:\Users\Ngo Manh Hung\.m2\repository\org\slf4j\jul-to-slf4j\1.7.26\jul-to-slf4j-1.7.26.jar;C:\Users\Ngo Manh Hung\.m2\repository\javax\annotation\javax.annotation-api\1.3.2\javax.annotation-api-1.3.2.jar;C:\Users\Ngo Manh Hung\.m2\repository\org\yaml\snakeyaml\1.23\snakeyaml-1.23.jar;C:\Users\Ngo Manh Hung\.m2\repository\org\springframework\boot\spring-boot-starter-json\2.1.4.RELEASE\spring-boot-starter-json-2.1.4.RELEASE.jar;C:\Users\Ngo Manh Hung\.m2\repository\com\fasterxml\jackson\core\jackson-databind\2.9.8\jackson-databind-2.9.8.jar;C:\Users\Ngo Manh Hung\.m2\repository\com\fasterxml\jackson\core\jackson-annotations\2.9.0\jackson-annotations-2.9.0.jar;C:\Users\Ngo Manh Hung\.m2\repository\com\fasterxml\jackson\core\jackson-core\2.9.8\jackson-core-2.9.8.jar;C:\Users\Ngo Manh Hung\.m2\repository\com\fasterxml\jackson\datatype\jackson-datatype-jdk8\2.9.8\jackson-datatype-jdk8-2.9.8.jar;C:\Users\Ngo Manh Hung\.m2\repository\com\fasterxml\jackson\datatype\jackson-datatype-jsr310\2.9.8\jackson-datatype-jsr310-2.9.8.jar;C:\Users\Ngo Manh Hung\.m2\repository\com\fasterxml\jackson\m
Launcher Type: SUN_STANDARD

[Global flags]
     intx CICompilerCount                          = 4                                         {product} {ergonomic}
     uint ConcGCThreads                            = 3                                         {product} {ergonomic}
     uint G1ConcRefinementThreads                  = 10                                        {product} {ergonomic}
   size_t G1HeapRegionSize                         = 2097152                                   {product} {ergonomic}
    uintx GCDrainStackTargetSize                   = 64                                        {product} {ergonomic}
   size_t InitialHeapSize                          = 260046848                                 {product} {ergonomic}
   size_t MarkStackSize                            = 4194304                                   {product} {ergonomic}
   size_t MaxHeapSize                              = 4139778048                                {product} {ergonomic}
   size_t MaxNewSize                               = 2483027968                                {product} {ergonomic}
   size_t MinHeapDeltaBytes                        = 2097152                                   {product} {ergonomic}
   size_t MinHeapSize                              = 8388608                                   {product} {ergonomic}
    uintx NonNMethodCodeHeapSize                   = 5839372                                {pd product} {ergonomic}
    uintx NonProfiledCodeHeapSize                  = 122909434                              {pd product} {ergonomic}
    uintx ProfiledCodeHeapSize                     = 122909434                              {pd product} {ergonomic}
    uintx ReservedCodeCacheSize                    = 251658240                              {pd product} {ergonomic}
     bool SegmentedCodeCache                       = true                                      {product} {ergonomic}
     bool ShowCodeDetailsInExceptionMessages       = true                                   {manageable} {command line}
   size_t SoftMaxHeapSize                          = 4139778048                             {manageable} {ergonomic}
     bool UseCompressedClassPointers               = true                           {product lp64_product} {ergonomic}
     bool UseCompressedOops                        = true                           {product lp64_product} {ergonomic}
     bool UseG1GC                                  = true                                      {product} {ergonomic}
     bool UseLargePagesIndividualAllocation        = false                                  {pd product} {ergonomic}

Logging:
Log output configuration:
 #0: stdout all=warning uptime,level,tags
 #1: stderr all=off uptime,level,tags

Environment Variables:
JAVA_HOME=C:\Program Files\Java\jdk-11.0.13\bin
PATH=C:\eclipse\plugins\org.eclipse.justj.openjdk.hotspot.jre.full.win32.x86_64_17.0.4.v20220903-1038\jre\bin;C:/eclipse//plugins/org.eclipse.justj.openjdk.hotspot.jre.full.win32.x86_64_17.0.4.v20220903-1038/jre/bin/server;C:/eclipse//plugins/org.eclipse.justj.openjdk.hotspot.jre.full.win32.x86_64_17.0.4.v20220903-1038/jre/bin;C:\app\oracle\product\19c\db_home1\bin;C:\Program Files (x86)\Common Files\Oracle\Java\javapath;C:\Windows\system32;C:\Windows;C:\Windows\System32\Wbem;C:\Windows\System32\WindowsPowerShell\v1.0\;C:\Windows\System32\OpenSSH\;C:\Program Files\Microsoft SQL Server\Client SDK\ODBC\170\Tools\Binn\;C:\Program Files (x86)\Microsoft SQL Server\150\Tools\Binn\;C:\Program Files\Microsoft SQL Server\150\Tools\Binn\;C:\Program Files\Microsoft SQL Server\150\DTS\Binn\;C:\Program Files (x86)\Microsoft SQL Server\150\DTS\Binn\;C:\FPC\3.2.2\bin\i386-Win32;C:\Program Files (x86)\Rational\Common\common;C:\Program Files\Git\cmd;C:\Program Files\nodejs\;C:\Maven\bin;C:\Program Files\dotnet\;C:\Users\Ngo Manh Hung\AppData\Local\Programs\Python\Python39\Scripts\;C:\Users\Ngo Manh Hung\AppData\Local\Programs\Python\Python39\;C:\Users\Ngo Manh Hung\AppData\Local\Microsoft\WindowsApps;C:\Users\Ngo Manh Hung\AppData\Local\Programs\Microsoft VS Code\bin;C:\Program Files (x86)\Dev-Cpp\MinGW64\bin;C:\Program Files\Azure Data Studio\bin;C:\Users\Ngo Manh Hung\AppData\Roaming\npm;C:\Program Files\JetBrains\IntelliJ IDEA Community Edition 2022.2.3\bin;;C:\Program Files\JetBrains\IntelliJ IDEA 2022.2.3\bin;;C:\Users\Ngo Manh Hung\.dotnet\tools;C:\Users\Ngo Manh Hung\AppData\Local\GitHubDesktop\bin;C:\eclipse;
USERNAME=Ngo Manh Hung
OS=Windows_NT
PROCESSOR_IDENTIFIER=AMD64 Family 23 Model 96 Stepping 1, AuthenticAMD
TMP=C:\Users\NGOMAN~1\AppData\Local\Temp
TEMP=C:\Users\NGOMAN~1\AppData\Local\Temp



---------------  S Y S T E M  ---------------

OS:
 Windows 10 , 64 bit Build 19041 (10.0.19041.2364)
OS uptime: 0 days 4:42 hours

CPU: total 12 (initial active 12) (12 cores per cpu, 2 threads per core) family 23 model 96 stepping 1 microcode 0x0, cx8, cmov, fxsr, ht, mmx, 3dnowpref, sse, sse2, sse3, ssse3, sse4a, sse4.1, sse4.2, popcnt, lzcnt, tsc, tscinvbit, avx, avx2, aes, clmul, bmi1, bmi2, adx, sha, fma, vzeroupper, clflush, clflushopt

Memory: 4k page, system-wide physical 15791M (4664M free)
TotalPageFile size 28079M (AvailPageFile size 8964M)
current process WorkingSet (physical memory assigned to process): 305M, peak: 409M
current process commit charge ("private bytes"): 344M, peak: 445M

vm_info: OpenJDK 64-Bit Server VM (17.0.4.1+1) for windows-amd64 JRE (17.0.4.1+1), built on Aug 17 2022 07:42:43 by "temurin" with MS VC++ 16.7 (VS2019)

END.
